<?xml version="1.0" encoding="UTF-8"?>
<!-- Generated by org.testng.reporters.JUnitReportReporter -->
<testsuite hostname="DELL" failures="0" tests="1" name="TestCases_pom.LoginPage_TestCases" time="43.886" errors="0" timestamp="2021-03-02T23:33:25 IST" skipped="0">
  <testcase classname="TestCases_pom.LoginPage_TestCases" name="dologin" time="43.886"/>
  <system-out/>
</testsuite> <!-- TestCases_pom.LoginPage_TestCases -->
